<?xml version="1.0" encoding="UTF-8" ?>
<testsuite failures="0" time="1.518" errors="0" skipped="0" tests="7" name="com.aironman.core.test.ServicioItemsTest">
  <properties>
[...]
</properties>
  <testcase time="1.333" classname="com.aironman.core.test.ServicioItemsTest" name="testAddTwoSameItems"/>
  <testcase time="0.082" classname="com.aironman.core.test.ServicioItemsTest" name="testAddAndDeleteItemToSystem"/>
  <testcase time="0.021" classname="com.aironman.core.test.ServicioItemsTest" name="testUpdateItem"/>
  <testcase time="0.023" classname="com.aironman.core.test.ServicioItemsTest" name="testFindAll"/>
  <testcase time="0.011" classname="com.aironman.core.test.ServicioItemsTest" name="testFindByIsbn"/>
  <testcase time="0.016" classname="com.aironman.core.test.ServicioItemsTest" name="testgetDescriptionItem"/>
  <testcase time="0.011" classname="com.aironman.core.test.ServicioItemsTest" name="testgetPrizeItem"/>
</testsuite>